<?xml version="1.0" encoding="UTF-8"?>
<testng-results ignored="0" total="5" passed="5" failed="0" skipped="0">
  <reporter-output>
  </reporter-output>
  <suite started-at="2022-03-16T12:00:14Z" name="Default suite" finished-at="2022-03-16T12:00:18Z" duration-ms="4204">
    <groups>
      <group name="cucumber">
        <method signature="AbstractTestNGCucumberTests.runScenario(io.cucumber.testng.PickleWrapper, io.cucumber.testng.FeatureWrapper)[pri:0, instance:parallel.ParallelRun@6a57ae10]" name="runScenario" class="io.cucumber.testng.AbstractTestNGCucumberTests"/>
      </group> <!-- cucumber -->
    </groups>
    <test started-at="2022-03-16T12:00:14Z" name="Default test" finished-at="2022-03-16T12:00:18Z" duration-ms="4204">
      <class name="parallel.ParallelRun">
        <test-method is-config="true" signature="setUpClass()[pri:0, instance:parallel.ParallelRun@6a57ae10]" started-at="2022-03-16T12:00:14Z" name="setUpClass" finished-at="2022-03-16T12:00:14Z" duration-ms="344" status="PASS">
          <reporter-output>
          </reporter-output>
        </test-method> <!-- setUpClass -->
        <test-method signature="runScenario(io.cucumber.testng.PickleWrapper, io.cucumber.testng.FeatureWrapper)[pri:0, instance:parallel.ParallelRun@6a57ae10]" started-at="2022-03-16T12:00:14Z" name="runScenario" description="Runs Cucumber Scenarios" data-provider="scenarios" finished-at="2022-03-16T12:00:18Z" duration-ms="3667" status="PASS">
          <params>
            <param index="0">
              <value>
                <![CDATA["User gets a Playlist"]]>
              </value>
            </param>
            <param index="1">
              <value>
                <![CDATA["Optional[Rest API Testing using BDD]"]]>
              </value>
            </param>
          </params>
          <reporter-output>
          </reporter-output>
        </test-method> <!-- runScenario -->
        <test-method signature="runScenario(io.cucumber.testng.PickleWrapper, io.cucumber.testng.FeatureWrapper)[pri:0, instance:parallel.ParallelRun@6a57ae10]" started-at="2022-03-16T12:00:14Z" name="runScenario" description="Runs Cucumber Scenarios" data-provider="scenarios" finished-at="2022-03-16T12:00:17Z" duration-ms="2854" status="PASS">
          <params>
            <param index="0">
              <value>
                <![CDATA["User tries to create a Playlist with incorrect token"]]>
              </value>
            </param>
            <param index="1">
              <value>
                <![CDATA["Optional[Rest API Testing using BDD]"]]>
              </value>
            </param>
          </params>
          <reporter-output>
          </reporter-output>
        </test-method> <!-- runScenario -->
        <test-method signature="runScenario(io.cucumber.testng.PickleWrapper, io.cucumber.testng.FeatureWrapper)[pri:0, instance:parallel.ParallelRun@6a57ae10]" started-at="2022-03-16T12:00:14Z" name="runScenario" description="Runs Cucumber Scenarios" data-provider="scenarios" finished-at="2022-03-16T12:00:18Z" duration-ms="3589" status="PASS">
          <params>
            <param index="0">
              <value>
                <![CDATA["User tries to create a Playlist without Name"]]>
              </value>
            </param>
            <param index="1">
              <value>
                <![CDATA["Optional[Rest API Testing using BDD]"]]>
              </value>
            </param>
          </params>
          <reporter-output>
          </reporter-output>
        </test-method> <!-- runScenario -->
        <test-method signature="runScenario(io.cucumber.testng.PickleWrapper, io.cucumber.testng.FeatureWrapper)[pri:0, instance:parallel.ParallelRun@6a57ae10]" started-at="2022-03-16T12:00:14Z" name="runScenario" description="Runs Cucumber Scenarios" data-provider="scenarios" finished-at="2022-03-16T12:00:18Z" duration-ms="3667" status="PASS">
          <params>
            <param index="0">
              <value>
                <![CDATA["User updates a Playlist"]]>
              </value>
            </param>
            <param index="1">
              <value>
                <![CDATA["Optional[Rest API Testing using BDD]"]]>
              </value>
            </param>
          </params>
          <reporter-output>
          </reporter-output>
        </test-method> <!-- runScenario -->
        <test-method signature="runScenario(io.cucumber.testng.PickleWrapper, io.cucumber.testng.FeatureWrapper)[pri:0, instance:parallel.ParallelRun@6a57ae10]" started-at="2022-03-16T12:00:14Z" name="runScenario" description="Runs Cucumber Scenarios" data-provider="scenarios" finished-at="2022-03-16T12:00:18Z" duration-ms="3714" status="PASS">
          <params>
            <param index="0">
              <value>
                <![CDATA["User creates a Playlist"]]>
              </value>
            </param>
            <param index="1">
              <value>
                <![CDATA["Optional[Rest API Testing using BDD]"]]>
              </value>
            </param>
          </params>
          <reporter-output>
          </reporter-output>
        </test-method> <!-- runScenario -->
        <test-method is-config="true" signature="tearDownClass()[pri:0, instance:parallel.ParallelRun@6a57ae10]" started-at="2022-03-16T12:00:18Z" name="tearDownClass" finished-at="2022-03-16T12:00:18Z" duration-ms="93" status="PASS">
          <reporter-output>
          </reporter-output>
        </test-method> <!-- tearDownClass -->
      </class> <!-- parallel.ParallelRun -->
    </test> <!-- Default test -->
  </suite> <!-- Default suite -->
</testng-results>
